PITA_Rewards2/app/build/intermediates/manifest_merge_blame_file/debug/processDebugMainManifest/manifest-merger-blame-debug-report.txt
1<?xml version="1.0" encoding="utf-8"?>
2<manifest xmlns:android="http://schemas.android.com/apk/res/android"
3    package="com.example.pita_rewards2"
4    android:versionCode="1"
5    android:versionName="1.0" >
6
7    <uses-sdk
8        android:minSdkVersion="24"
9        android:targetSdkVersion="36" />
10
11    <!-- Although the *SdkVersion is captured in gradle build files, this is required for non gradle builds -->
12    <!-- <uses-sdk android:minSdkVersion="21"/> -->
13    <uses-permission android:name="android.permission.ACCESS_NETWORK_STATE" />
13-->[com.google.firebase:firebase-database:22.0.1] AndroidManifest.xml:22:5-79
13-->[com.google.firebase:firebase-database:22.0.1] AndroidManifest.xml:22:22-76
14    <uses-permission android:name="android.permission.INTERNET" />
14-->[com.google.firebase:firebase-database:22.0.1] AndroidManifest.xml:23:5-67
14-->[com.google.firebase:firebase-database:22.0.1] AndroidManifest.xml:23:22-64
15
16    <permission
16-->[androidx.core:core:1.18.0] AndroidManifest.xml:22:5-24:47
17        android:name="com.example.pita_rewards2.DYNAMIC_RECEIVER_NOT_EXPORTED_PERMISSION"
17-->[androidx.core:core:1.18.0] AndroidManifest.xml:23:9-81
18        android:protectionLevel="signature" />
18-->[androidx.core:core:1.18.0] AndroidManifest.xml:24:9-44
19
20    <uses-permission android:name="com.example.pita_rewards2.DYNAMIC_RECEIVER_NOT_EXPORTED_PERMISSION" />
20-->[androidx.core:core:1.18.0] AndroidManifest.xml:26:5-97
20-->[androidx.core:core:1.18.0] AndroidManifest.xml:26:22-94
21
22    <application
22-->src\main\AndroidManifest.xml:5:5-49:19
23        android:allowBackup="true"
23-->src\main\AndroidManifest.xml:6:9-35
24        android:appComponentFactory="androidx.core.app.CoreComponentFactory"
24-->[androidx.core:core:1.18.0] AndroidManifest.xml:28:18-86
25        android:dataExtractionRules="@xml/data_extraction_rules"
25-->src\main\AndroidManifest.xml:7:9-65
26        android:debuggable="true"
27        android:extractNativeLibs="false"
28        android:fullBackupContent="@xml/backup_rules"
28-->src\main\AndroidManifest.xml:8:9-54
29        android:icon="@mipmap/ic_launcher"
29-->src\main\AndroidManifest.xml:9:9-43
30        android:label="@string/app_name"
30-->src\main\AndroidManifest.xml:10:9-41
31        android:roundIcon="@mipmap/ic_launcher_round"
31-->src\main\AndroidManifest.xml:11:9-54
32        android:supportsRtl="true"
32-->src\main\AndroidManifest.xml:12:9-35
33        android:testOnly="true"
34        android:theme="@style/Theme.PITA_Rewards2" >
34-->src\main\AndroidManifest.xml:13:9-51
35        <activity
35-->src\main\AndroidManifest.xml:14:9-16:40
36            android:name="com.example.pita_rewards2.Basket"
36-->src\main\AndroidManifest.xml:15:13-35
37            android:exported="false" />
37-->src\main\AndroidManifest.xml:16:13-37
38        <activity
38-->src\main\AndroidManifest.xml:17:9-19:40
39            android:name="com.example.pita_rewards2.Startscreen"
39-->src\main\AndroidManifest.xml:18:13-40
40            android:exported="false" />
40-->src\main\AndroidManifest.xml:19:13-37
41        <activity
41-->src\main\AndroidManifest.xml:20:9-22:40
42            android:name="com.example.pita_rewards2.Account"
42-->src\main\AndroidManifest.xml:21:13-36
43            android:exported="false" />
43-->src\main\AndroidManifest.xml:22:13-37
44        <activity
44-->src\main\AndroidManifest.xml:23:9-31:20
45            android:name="com.example.pita_rewards2.LoginActivity"
45-->src\main\AndroidManifest.xml:24:13-42
46            android:exported="true" >
46-->src\main\AndroidManifest.xml:25:13-36
47            <intent-filter>
47-->src\main\AndroidManifest.xml:26:13-30:29
48                <action android:name="android.intent.action.MAIN" />
48-->src\main\AndroidManifest.xml:27:17-69
48-->src\main\AndroidManifest.xml:27:25-66
49
50                <category android:name="android.intent.category.LAUNCHER" />
50-->src\main\AndroidManifest.xml:29:17-77
50-->src\main\AndroidManifest.xml:29:27-74
51            </intent-filter>
52        </activity>
53        <activity
53-->src\main\AndroidManifest.xml:33:9-35:40
54            android:name="com.example.pita_rewards2.Login"
54-->src\main\AndroidManifest.xml:34:13-34
55            android:exported="false" />
55-->src\main\AndroidManifest.xml:35:13-37
56        <activity
56-->src\main\AndroidManifest.xml:36:9-38:40
57            android:name="com.example.pita_rewards2.SignupActivity"
57-->src\main\AndroidManifest.xml:37:13-43
58            android:exported="false" />
58-->src\main\AndroidManifest.xml:38:13-37
59        <activity
59-->src\main\AndroidManifest.xml:39:9-47:20
60            android:name="com.example.pita_rewards2.MainActivity"
60-->src\main\AndroidManifest.xml:40:13-41
61            android:exported="true" >
61-->src\main\AndroidManifest.xml:41:13-36
62            <intent-filter>
62-->src\main\AndroidManifest.xml:26:13-30:29
63                <action android:name="android.intent.action.MAIN" />
63-->src\main\AndroidManifest.xml:27:17-69
63-->src\main\AndroidManifest.xml:27:25-66
64
65                <category android:name="android.intent.category.LAUNCHER" />
65-->src\main\AndroidManifest.xml:29:17-77
65-->src\main\AndroidManifest.xml:29:27-74
66            </intent-filter>
67        </activity>
68
69        <service
69-->[com.google.firebase:firebase-database:22.0.1] AndroidManifest.xml:26:9-35:19
70            android:name="com.google.firebase.components.ComponentDiscoveryService"
70-->[com.google.firebase:firebase-database:22.0.1] AndroidManifest.xml:27:13-84
71            android:directBootAware="true"
71-->[com.google.firebase:firebase-common:22.0.1] AndroidManifest.xml:32:13-43
72            android:exported="false" >
72-->[com.google.firebase:firebase-database:22.0.1] AndroidManifest.xml:28:13-37
73            <meta-data
73-->[com.google.firebase:firebase-database:22.0.1] AndroidManifest.xml:29:13-31:85
74                android:name="com.google.firebase.components:com.google.firebase.database.FirebaseDatabaseKtxRegistrar"
74-->[com.google.firebase:firebase-database:22.0.1] AndroidManifest.xml:30:17-120
75                android:value="com.google.firebase.components.ComponentRegistrar" />
75-->[com.google.firebase:firebase-database:22.0.1] AndroidManifest.xml:31:17-82
76            <meta-data
76-->[com.google.firebase:firebase-database:22.0.1] AndroidManifest.xml:32:13-34:85
77                android:name="com.google.firebase.components:com.google.firebase.database.DatabaseRegistrar"
77-->[com.google.firebase:firebase-database:22.0.1] AndroidManifest.xml:33:17-109
78                android:value="com.google.firebase.components.ComponentRegistrar" />
78-->[com.google.firebase:firebase-database:22.0.1] AndroidManifest.xml:34:17-82
79            <meta-data
79-->[com.google.firebase:firebase-common:22.0.1] AndroidManifest.xml:35:13-37:85
80                android:name="com.google.firebase.components:com.google.firebase.FirebaseCommonKtxRegistrar"
80-->[com.google.firebase:firebase-common:22.0.1] AndroidManifest.xml:36:17-109
81                android:value="com.google.firebase.components.ComponentRegistrar" />
81-->[com.google.firebase:firebase-common:22.0.1] AndroidManifest.xml:37:17-82
82        </service>
83
84        <activity
84-->[com.google.android.gms:play-services-base:18.1.0] AndroidManifest.xml:20:9-22:45
85            android:name="com.google.android.gms.common.api.GoogleApiActivity"
85-->[com.google.android.gms:play-services-base:18.1.0] AndroidManifest.xml:20:19-85
86            android:exported="false"
86-->[com.google.android.gms:play-services-base:18.1.0] AndroidManifest.xml:22:19-43
87            android:theme="@android:style/Theme.Translucent.NoTitleBar" />
87-->[com.google.android.gms:play-services-base:18.1.0] AndroidManifest.xml:21:19-78
88
89        <provider
89-->[com.google.firebase:firebase-common:22.0.1] AndroidManifest.xml:23:9-28:39
90            android:name="com.google.firebase.provider.FirebaseInitProvider"
90-->[com.google.firebase:firebase-common:22.0.1] AndroidManifest.xml:24:13-77
91            android:authorities="com.example.pita_rewards2.firebaseinitprovider"
91-->[com.google.firebase:firebase-common:22.0.1] AndroidManifest.xml:25:13-72
92            android:directBootAware="true"
92-->[com.google.firebase:firebase-common:22.0.1] AndroidManifest.xml:26:13-43
93            android:exported="false"
93-->[com.google.firebase:firebase-common:22.0.1] AndroidManifest.xml:27:13-37
94            android:initOrder="100" />
94-->[com.google.firebase:firebase-common:22.0.1] AndroidManifest.xml:28:13-36
95
96        <activity
96-->[androidx.compose.ui:ui-test-manifest:1.9.2] AndroidManifest.xml:23:9-26:79
97            android:name="androidx.activity.ComponentActivity"
97-->[androidx.compose.ui:ui-test-manifest:1.9.2] AndroidManifest.xml:24:13-63
98            android:exported="true"
98-->[androidx.compose.ui:ui-test-manifest:1.9.2] AndroidManifest.xml:25:13-36
99            android:theme="@android:style/Theme.Material.Light.NoActionBar" />
99-->[androidx.compose.ui:ui-test-manifest:1.9.2] AndroidManifest.xml:26:13-76
100        <activity
100-->[androidx.compose.ui:ui-tooling-android:1.9.2] AndroidManifest.xml:23:9-25:39
101            android:name="androidx.compose.ui.tooling.PreviewActivity"
101-->[androidx.compose.ui:ui-tooling-android:1.9.2] AndroidManifest.xml:24:13-71
102            android:exported="true" />
102-->[androidx.compose.ui:ui-tooling-android:1.9.2] AndroidManifest.xml:25:13-36
103
104        <provider
104-->[androidx.emoji2:emoji2:1.4.0] AndroidManifest.xml:24:9-32:20
105            android:name="androidx.startup.InitializationProvider"
105-->[androidx.emoji2:emoji2:1.4.0] AndroidManifest.xml:25:13-67
106            android:authorities="com.example.pita_rewards2.androidx-startup"
106-->[androidx.emoji2:emoji2:1.4.0] AndroidManifest.xml:26:13-68
107            android:exported="false" >
107-->[androidx.emoji2:emoji2:1.4.0] AndroidManifest.xml:27:13-37
108            <meta-data
108-->[androidx.emoji2:emoji2:1.4.0] AndroidManifest.xml:29:13-31:52
109                android:name="androidx.emoji2.text.EmojiCompatInitializer"
109-->[androidx.emoji2:emoji2:1.4.0] AndroidManifest.xml:30:17-75
110                android:value="androidx.startup" />
110-->[androidx.emoji2:emoji2:1.4.0] AndroidManifest.xml:31:17-49
111            <meta-data
111-->[androidx.lifecycle:lifecycle-process:2.10.0] AndroidManifest.xml:29:13-31:52
112                android:name="androidx.lifecycle.ProcessLifecycleInitializer"
112-->[androidx.lifecycle:lifecycle-process:2.10.0] AndroidManifest.xml:30:17-78
113                android:value="androidx.startup" />
113-->[androidx.lifecycle:lifecycle-process:2.10.0] AndroidManifest.xml:31:17-49
114            <meta-data
114-->[androidx.profileinstaller:profileinstaller:1.4.0] AndroidManifest.xml:29:13-31:52
115                android:name="androidx.profileinstaller.ProfileInstallerInitializer"
115-->[androidx.profileinstaller:profileinstaller:1.4.0] AndroidManifest.xml:30:17-85
116                android:value="androidx.startup" />
116-->[androidx.profileinstaller:profileinstaller:1.4.0] AndroidManifest.xml:31:17-49
117        </provider>
118
119        <meta-data
119-->[com.google.android.gms:play-services-basement:18.3.0] AndroidManifest.xml:21:9-23:69
120            android:name="com.google.android.gms.version"
120-->[com.google.android.gms:play-services-basement:18.3.0] AndroidManifest.xml:22:13-58
121            android:value="@integer/google_play_services_version" />
121-->[com.google.android.gms:play-services-basement:18.3.0] AndroidManifest.xml:23:13-66
122
123        <receiver
123-->[androidx.profileinstaller:profileinstaller:1.4.0] AndroidManifest.xml:34:9-52:20
124            android:name="androidx.profileinstaller.ProfileInstallReceiver"
124-->[androidx.profileinstaller:profileinstaller:1.4.0] AndroidManifest.xml:35:13-76
125            android:directBootAware="false"
125-->[androidx.profileinstaller:profileinstaller:1.4.0] AndroidManifest.xml:36:13-44
126            android:enabled="true"
126-->[androidx.profileinstaller:profileinstaller:1.4.0] AndroidManifest.xml:37:13-35
127            android:exported="true"
127-->[androidx.profileinstaller:profileinstaller:1.4.0] AndroidManifest.xml:38:13-36
128            android:permission="android.permission.DUMP" >
128-->[androidx.profileinstaller:profileinstaller:1.4.0] AndroidManifest.xml:39:13-57
129            <intent-filter>
129-->[androidx.profileinstaller:profileinstaller:1.4.0] AndroidManifest.xml:40:13-42:29
130                <action android:name="androidx.profileinstaller.action.INSTALL_PROFILE" />
130-->[androidx.profileinstaller:profileinstaller:1.4.0] AndroidManifest.xml:41:17-91
130-->[androidx.profileinstaller:profileinstaller:1.4.0] AndroidManifest.xml:41:25-88
131            </intent-filter>
132            <intent-filter>
132-->[androidx.profileinstaller:profileinstaller:1.4.0] AndroidManifest.xml:43:13-45:29
133                <action android:name="androidx.profileinstaller.action.SKIP_FILE" />
133-->[androidx.profileinstaller:profileinstaller:1.4.0] AndroidManifest.xml:44:17-85
133-->[androidx.profileinstaller:profileinstaller:1.4.0] AndroidManifest.xml:44:25-82
134            </intent-filter>
135            <intent-filter>
135-->[androidx.profileinstaller:profileinstaller:1.4.0] AndroidManifest.xml:46:13-48:29
136                <action android:name="androidx.profileinstaller.action.SAVE_PROFILE" />
136-->[androidx.profileinstaller:profileinstaller:1.4.0] AndroidManifest.xml:47:17-88
136-->[androidx.profileinstaller:profileinstaller:1.4.0] AndroidManifest.xml:47:25-85
137            </intent-filter>
138            <intent-filter>
138-->[androidx.profileinstaller:profileinstaller:1.4.0] AndroidManifest.xml:49:13-51:29
139                <action android:name="androidx.profileinstaller.action.BENCHMARK_OPERATION" />
139-->[androidx.profileinstaller:profileinstaller:1.4.0] AndroidManifest.xml:50:17-95
139-->[androidx.profileinstaller:profileinstaller:1.4.0] AndroidManifest.xml:50:25-92
140            </intent-filter>
141        </receiver>
142    </application>
143
144</manifest>